<?xml version="1.0" encoding="UTF-8"?>
<!-- Generated by org.testng.reporters.JUnitReportReporter -->
<testsuite hostname="LAPTOP-04TSVVB5" failures="0" tests="4" name="browserAutomation.ParallelTest" time="31.535" errors="0" timestamp="2024-04-10T16:40:39 IST" skipped="0">
  <testcase classname="browserAutomation.ParallelTest" name="launchApplication0" time="8.616"/>
  <testcase classname="browserAutomation.ParallelTest" name="launchApplication1" time="7.892"/>
  <testcase classname="browserAutomation.ParallelTest" name="launchApplication2" time="6.395"/>
  <testcase classname="browserAutomation.ParallelTest" name="launchApplication3" time="8.632"/>
</testsuite> <!-- browserAutomation.ParallelTest -->
