<?xml version="1.0" encoding="UTF-8"?>
<!-- Generated by org.testng.reporters.JUnitReportReporter -->
<testsuite hostname="LAPTOP-04TSVVB5" failures="0" tests="4" name="browser.ParallelTest" time="31.178" errors="0" timestamp="2024-04-10T16:36:12 IST" skipped="0">
  <testcase classname="browser.ParallelTest" name="launchApplication3" time="8.259"/>
  <testcase classname="browser.ParallelTest" name="launchApplication0" time="8.148"/>
  <testcase classname="browser.ParallelTest" name="launchApplicatio2" time="6.561"/>
  <testcase classname="browser.ParallelTest" name="launchApplication1" time="8.210"/>
</testsuite> <!-- browser.ParallelTest -->
